<?xml version="1.0" encoding="UTF-8"?>
<!-- Generated by org.testng.reporters.JUnitXMLReporter -->
<testsuite ignored="0" hostname="DESKTOP-TC1RHQ8" failures="0" tests="14" name="Test" time="0.172" errors="0" timestamp="06 Feb 2023 17:22:31 GMT">
  <testcase classname="test.Alpha" name="createNewAcct" time="0.013"/>
  <testcase classname="test.Alpha" name="loginButton" time="0.002"/>
  <testcase classname="test.Alpha" name="passwordTab" time="0.002"/>
  <testcase classname="test.Alpha" name="tagName" time="0.002"/>
  <testcase classname="test.Alpha" name="title" time="0.006"/>
  <testcase classname="test.Alpha" name="url" time="0.002"/>
  <testcase classname="test.Alpha" name="userNameTab" time="0.002"/>
  <testcase classname="test.demo" name="createNewAcct" time="0.002"/>
  <testcase classname="test.demo" name="loginButton" time="0.006"/>
  <testcase classname="test.demo" name="passwordTab" time="0.002"/>
  <testcase classname="test.demo" name="tagName" time="0.003"/>
  <testcase classname="test.demo" name="title" time="0.002"/>
  <testcase classname="test.demo" name="url" time="0.002"/>
  <testcase classname="test.demo" name="userNameTab" time="0.002"/>
</testsuite> <!-- Test -->
