<?xml version="1.0" encoding="UTF-8"?>
<!-- Generated by org.testng.reporters.JUnitXMLReporter -->
<testsuite ignored="6" hostname="DESKTOP-TC1RHQ8" failures="0" tests="1" name="Default test" time="4.951" errors="0" timestamp="15 Feb 2023 05:34:54 GMT">
  <testcase classname="TestNGClasses.LoginPageTest" name="title" time="1.033"/>
  <testcase classname="TestNGClasses.LoginPageTest" name="tagName" time="0.0">
    <ignored/>
  </testcase> <!-- tagName -->
  <testcase classname="TestNGClasses.LoginPageTest" name="createNewAcct" time="0.0">
    <ignored/>
  </testcase> <!-- createNewAcct -->
  <testcase classname="TestNGClasses.LoginPageTest" name="url" time="0.0">
    <ignored/>
  </testcase> <!-- url -->
  <testcase classname="TestNGClasses.LoginPageTest" name="userNameTab" time="0.0">
    <ignored/>
  </testcase> <!-- userNameTab -->
  <testcase classname="TestNGClasses.LoginPageTest" name="loginButton" time="0.0">
    <ignored/>
  </testcase> <!-- loginButton -->
  <testcase classname="TestNGClasses.LoginPageTest" name="passwordTab" time="0.0">
    <ignored/>
  </testcase> <!-- passwordTab -->
</testsuite> <!-- Default test -->
