<?xml version="1.0" encoding="UTF-8"?>
<!-- Generated by org.testng.reporters.JUnitXMLReporter -->
<testsuite ignored="0" hostname="DESKTOP-TC1RHQ8" failures="0" tests="11" name="Default test(failed)" time="0.197" errors="0" timestamp="05 Feb 2023 17:56:38 GMT">
  <testcase classname="TestNGSuites.ForgetPageSuiteTest" name="@BeforeTest beforeClass" time="0.013">
    <failure type="java.lang.NullPointerException" message="Cannot invoke &amp;quot;org.openqa.selenium.WebDriver.manage()&amp;quot; because &amp;quot;this.driver&amp;quot; is null">
      <![CDATA[java.lang.NullPointerException: Cannot invoke "org.openqa.selenium.WebDriver.manage()" because "this.driver" is null
at TestNGSuites.ForgetPageSuiteTest.beforeClass(ForgetPageSuiteTest.java:53)
... Removed 22 stack frames]]>
    </failure>
  </testcase> <!-- @BeforeTest beforeClass -->
  <testcase classname="TestNGSuites.ForgetPageSuiteTest" name="@BeforeMethod beforeMethod" time="0.0">
    <skipped/>
  </testcase> <!-- @BeforeMethod beforeMethod -->
  <testcase classname="TestNGSuites.ForgetPageSuiteTest" name="@AfterMethod afterMethod" time="0.0">
    <skipped/>
  </testcase> <!-- @AfterMethod afterMethod -->
  <testcase classname="TestNGSuites.ForgetPageSuiteTest" name="@BeforeMethod beforeMethod" time="0.0">
    <skipped/>
  </testcase> <!-- @BeforeMethod beforeMethod -->
  <testcase classname="TestNGSuites.ForgetPageSuiteTest" name="@AfterMethod afterMethod" time="0.0">
    <skipped/>
  </testcase> <!-- @AfterMethod afterMethod -->
  <testcase classname="TestNGSuites.ForgetPageSuiteTest" name="@BeforeMethod beforeMethod" time="0.0">
    <skipped/>
  </testcase> <!-- @BeforeMethod beforeMethod -->
  <testcase classname="TestNGSuites.ForgetPageSuiteTest" name="@AfterMethod afterMethod" time="0.0">
    <skipped/>
  </testcase> <!-- @AfterMethod afterMethod -->
  <testcase classname="TestNGSuites.ForgetPageSuiteTest" name="@BeforeMethod beforeMethod" time="0.0">
    <skipped/>
  </testcase> <!-- @BeforeMethod beforeMethod -->
  <testcase classname="TestNGSuites.ForgetPageSuiteTest" name="@AfterMethod afterMethod" time="0.0">
    <skipped/>
  </testcase> <!-- @AfterMethod afterMethod -->
  <testcase classname="TestNGSuites.ForgetPageSuiteTest" name="@BeforeMethod beforeMethod" time="0.0">
    <skipped/>
  </testcase> <!-- @BeforeMethod beforeMethod -->
  <testcase classname="TestNGSuites.ForgetPageSuiteTest" name="@AfterMethod afterMethod" time="0.0">
    <skipped/>
  </testcase> <!-- @AfterMethod afterMethod -->
  <testcase classname="TestNGSuites.ForgetPageSuiteTest" name="@BeforeMethod beforeMethod" time="0.0">
    <skipped/>
  </testcase> <!-- @BeforeMethod beforeMethod -->
  <testcase classname="TestNGSuites.ForgetPageSuiteTest" name="@AfterMethod afterMethod" time="0.0">
    <skipped/>
  </testcase> <!-- @AfterMethod afterMethod -->
  <testcase classname="TestNGSuites.ForgetPageSuiteTest" name="@BeforeMethod beforeMethod" time="0.0">
    <skipped/>
  </testcase> <!-- @BeforeMethod beforeMethod -->
  <testcase classname="TestNGSuites.ForgetPageSuiteTest" name="@AfterMethod afterMethod" time="0.0">
    <skipped/>
  </testcase> <!-- @AfterMethod afterMethod -->
  <testcase classname="TestNGSuites.ForgetPageSuiteTest" name="@BeforeMethod beforeMethod" time="0.0">
    <skipped/>
  </testcase> <!-- @BeforeMethod beforeMethod -->
  <testcase classname="TestNGSuites.ForgetPageSuiteTest" name="@AfterMethod afterMethod" time="0.0">
    <skipped/>
  </testcase> <!-- @AfterMethod afterMethod -->
  <testcase classname="TestNGSuites.ForgetPageSuiteTest" name="@BeforeMethod beforeMethod" time="0.0">
    <skipped/>
  </testcase> <!-- @BeforeMethod beforeMethod -->
  <testcase classname="TestNGSuites.ForgetPageSuiteTest" name="@AfterMethod afterMethod" time="0.0">
    <skipped/>
  </testcase> <!-- @AfterMethod afterMethod -->
  <testcase classname="TestNGSuites.ForgetPageSuiteTest" name="@BeforeMethod beforeMethod" time="0.0">
    <skipped/>
  </testcase> <!-- @BeforeMethod beforeMethod -->
  <testcase classname="TestNGSuites.ForgetPageSuiteTest" name="@AfterMethod afterMethod" time="0.0">
    <skipped/>
  </testcase> <!-- @AfterMethod afterMethod -->
  <testcase classname="TestNGSuites.ForgetPageSuiteTest" name="@BeforeMethod beforeMethod" time="0.0">
    <skipped/>
  </testcase> <!-- @BeforeMethod beforeMethod -->
  <testcase classname="TestNGSuites.ForgetPageSuiteTest" name="@AfterMethod afterMethod" time="0.0">
    <skipped/>
  </testcase> <!-- @AfterMethod afterMethod -->
  <testcase classname="TestNGSuites.ForgetPageSuiteTest" name="@AfterTest afterClass" time="0.0">
    <skipped/>
  </testcase> <!-- @AfterTest afterClass -->
  <testcase classname="TestNGSuites.ForgetPageSuiteTest" name="title" time="0.0">
    <skipped/>
  </testcase> <!-- title -->
  <testcase classname="TestNGSuites.ForgetPageSuiteTest" name="tagName" time="0.0">
    <skipped/>
  </testcase> <!-- tagName -->
  <testcase classname="TestNGSuites.ForgetPageSuiteTest" name="username" time="0.0">
    <skipped/>
  </testcase> <!-- username -->
  <testcase classname="TestNGSuites.ForgetPageSuiteTest" name="userNameTag" time="0.0">
    <skipped/>
  </testcase> <!-- userNameTag -->
  <testcase classname="TestNGSuites.ForgetPageSuiteTest" name="isEnabledSearchButton" time="0.0">
    <skipped/>
  </testcase> <!-- isEnabledSearchButton -->
  <testcase classname="TestNGSuites.ForgetPageSuiteTest" name="SearchButtonTag" time="0.0">
    <skipped/>
  </testcase> <!-- SearchButtonTag -->
  <testcase classname="TestNGSuites.ForgetPageSuiteTest" name="clickOnSearchButton" time="0.0">
    <skipped/>
  </testcase> <!-- clickOnSearchButton -->
  <testcase classname="TestNGSuites.ForgetPageSuiteTest" name="isEnabledCancelButton" time="0.0">
    <skipped/>
  </testcase> <!-- isEnabledCancelButton -->
  <testcase classname="TestNGSuites.ForgetPageSuiteTest" name="clickOnCancelButton" time="0.0">
    <skipped/>
  </testcase> <!-- clickOnCancelButton -->
  <testcase classname="TestNGSuites.ForgetPageSuiteTest" name="webPageTitle" time="0.0">
    <skipped/>
  </testcase> <!-- webPageTitle -->
  <testcase classname="TestNGSuites.ForgetPageSuiteTest" name="webPageURl" time="0.0">
    <skipped/>
  </testcase> <!-- webPageURl -->
</testsuite> <!-- Default test(failed) -->
