<?xml version="1.0" encoding="UTF-8"?>
<!-- Generated by org.testng.reporters.JUnitXMLReporter -->
<testsuite ignored="0" hostname="DESKTOP-TC1RHQ8" failures="0" tests="18" name="FirefoxTest" time="0.722" errors="0" timestamp="12 Feb 2023 15:44:52 GMT">
  <testcase classname="TestNGSuites.ForgetPageSuiteTest" name="@BeforeTest beforeClass" time="0.576">
    <failure type="org.openqa.selenium.SessionNotCreatedException" message="Could not start a new session. Response code 500. Message: Expected browser binary location, but unable to find binary in default location, no &amp;apos;moz:firefoxOptions.binary&amp;apos; capability provided, and no binary flag set on the command line 
Host info: host: &amp;apos;DESKTOP-TC1RHQ8&amp;apos;, ip: &amp;apos;192.168.0.103&amp;apos;
Build info: version: &amp;apos;4.7.0&amp;apos;, revision: &amp;apos;52e3a49ea2&amp;apos;
System info: os.name: &amp;apos;Windows 10&amp;apos;, os.arch: &amp;apos;amd64&amp;apos;, os.version: &amp;apos;10.0&amp;apos;, java.version: &amp;apos;18.0.2.1&amp;apos;
Driver info: org.openqa.selenium.firefox.FirefoxDriver
Command: [null, newSession {capabilities=[Capabilities {acceptInsecureCerts: true, browserName: firefox, moz:debuggerAddress: true, moz:firefoxOptions: {}}], desiredCapabilities=Capabilities {acceptInsecureCerts: true, browserName: firefox, moz:debuggerAddress: true, moz:firefoxOptions: {}}}]">
      <![CDATA[org.openqa.selenium.SessionNotCreatedException: Could not start a new session. Response code 500. Message: Expected browser binary location, but unable to find binary in default location, no 'moz:firefoxOptions.binary' capability provided, and no binary flag set on the command line 
Host info: host: 'DESKTOP-TC1RHQ8', ip: '192.168.0.103'
Build info: version: '4.7.0', revision: '52e3a49ea2'
System info: os.name: 'Windows 10', os.arch: 'amd64', os.version: '10.0', java.version: '18.0.2.1'
Driver info: org.openqa.selenium.firefox.FirefoxDriver
Command: [null, newSession {capabilities=[Capabilities {acceptInsecureCerts: true, browserName: firefox, moz:debuggerAddress: true, moz:firefoxOptions: {}}], desiredCapabilities=Capabilities {acceptInsecureCerts: true, browserName: firefox, moz:debuggerAddress: true, moz:firefoxOptions: {}}}]
at org.openqa.selenium.remote.ProtocolHandshake.createSession(ProtocolHandshake.java:148)
at org.openqa.selenium.remote.ProtocolHandshake.createSession(ProtocolHandshake.java:106)
at org.openqa.selenium.remote.ProtocolHandshake.createSession(ProtocolHandshake.java:67)
at org.openqa.selenium.remote.HttpCommandExecutor.execute(HttpCommandExecutor.java:156)
at org.openqa.selenium.remote.service.DriverCommandExecutor.invokeExecute(DriverCommandExecutor.java:167)
at org.openqa.selenium.remote.service.DriverCommandExecutor.execute(DriverCommandExecutor.java:142)
at org.openqa.selenium.remote.RemoteWebDriver.execute(RemoteWebDriver.java:541)
at org.openqa.selenium.remote.RemoteWebDriver.startSession(RemoteWebDriver.java:242)
at org.openqa.selenium.remote.RemoteWebDriver.<init>(RemoteWebDriver.java:157)
at org.openqa.selenium.firefox.FirefoxDriver.<init>(FirefoxDriver.java:111)
at org.openqa.selenium.firefox.FirefoxDriver.<init>(FirefoxDriver.java:99)
at org.openqa.selenium.firefox.FirefoxDriver.<init>(FirefoxDriver.java:95)
at TestNGSuites.ForgetPageSuiteTest.beforeClass(ForgetPageSuiteTest.java:40)
... Removed 22 stack frames]]>
    </failure>
  </testcase> <!-- @BeforeTest beforeClass -->
  <testcase classname="TestNGSuites.LoginPageSuiteTest" name="@BeforeTest beforeClass" time="0.0">
    <skipped/>
  </testcase> <!-- @BeforeTest beforeClass -->
  <testcase classname="TestNGSuites.ForgetPageSuiteTest" name="@BeforeMethod beforeMethod" time="0.0">
    <skipped/>
  </testcase> <!-- @BeforeMethod beforeMethod -->
  <testcase classname="TestNGSuites.LoginPageSuiteTest" name="@BeforeMethod beforeMethod" time="0.0">
    <skipped/>
  </testcase> <!-- @BeforeMethod beforeMethod -->
  <testcase classname="TestNGSuites.LoginPageSuiteTest" name="@AfterMethod afterMethod" time="0.0">
    <skipped/>
  </testcase> <!-- @AfterMethod afterMethod -->
  <testcase classname="TestNGSuites.ForgetPageSuiteTest" name="@AfterMethod afterMethod" time="0.0">
    <skipped/>
  </testcase> <!-- @AfterMethod afterMethod -->
  <testcase classname="TestNGSuites.LoginPageSuiteTest" name="@BeforeMethod beforeMethod" time="0.0">
    <skipped/>
  </testcase> <!-- @BeforeMethod beforeMethod -->
  <testcase classname="TestNGSuites.ForgetPageSuiteTest" name="@BeforeMethod beforeMethod" time="0.0">
    <skipped/>
  </testcase> <!-- @BeforeMethod beforeMethod -->
  <testcase classname="TestNGSuites.ForgetPageSuiteTest" name="@AfterMethod afterMethod" time="0.0">
    <skipped/>
  </testcase> <!-- @AfterMethod afterMethod -->
  <testcase classname="TestNGSuites.LoginPageSuiteTest" name="@AfterMethod afterMethod" time="0.0">
    <skipped/>
  </testcase> <!-- @AfterMethod afterMethod -->
  <testcase classname="TestNGSuites.LoginPageSuiteTest" name="@BeforeMethod beforeMethod" time="0.0">
    <skipped/>
  </testcase> <!-- @BeforeMethod beforeMethod -->
  <testcase classname="TestNGSuites.ForgetPageSuiteTest" name="@BeforeMethod beforeMethod" time="0.0">
    <skipped/>
  </testcase> <!-- @BeforeMethod beforeMethod -->
  <testcase classname="TestNGSuites.LoginPageSuiteTest" name="@AfterMethod afterMethod" time="0.0">
    <skipped/>
  </testcase> <!-- @AfterMethod afterMethod -->
  <testcase classname="TestNGSuites.ForgetPageSuiteTest" name="@AfterMethod afterMethod" time="0.0">
    <skipped/>
  </testcase> <!-- @AfterMethod afterMethod -->
  <testcase classname="TestNGSuites.LoginPageSuiteTest" name="@BeforeMethod beforeMethod" time="0.0">
    <skipped/>
  </testcase> <!-- @BeforeMethod beforeMethod -->
  <testcase classname="TestNGSuites.ForgetPageSuiteTest" name="@BeforeMethod beforeMethod" time="0.0">
    <skipped/>
  </testcase> <!-- @BeforeMethod beforeMethod -->
  <testcase classname="TestNGSuites.LoginPageSuiteTest" name="@AfterMethod afterMethod" time="0.0">
    <skipped/>
  </testcase> <!-- @AfterMethod afterMethod -->
  <testcase classname="TestNGSuites.ForgetPageSuiteTest" name="@AfterMethod afterMethod" time="0.0">
    <skipped/>
  </testcase> <!-- @AfterMethod afterMethod -->
  <testcase classname="TestNGSuites.LoginPageSuiteTest" name="@BeforeMethod beforeMethod" time="0.0">
    <skipped/>
  </testcase> <!-- @BeforeMethod beforeMethod -->
  <testcase classname="TestNGSuites.ForgetPageSuiteTest" name="@BeforeMethod beforeMethod" time="0.0">
    <skipped/>
  </testcase> <!-- @BeforeMethod beforeMethod -->
  <testcase classname="TestNGSuites.LoginPageSuiteTest" name="@AfterMethod afterMethod" time="0.0">
    <skipped/>
  </testcase> <!-- @AfterMethod afterMethod -->
  <testcase classname="TestNGSuites.ForgetPageSuiteTest" name="@AfterMethod afterMethod" time="0.0">
    <skipped/>
  </testcase> <!-- @AfterMethod afterMethod -->
  <testcase classname="TestNGSuites.LoginPageSuiteTest" name="@BeforeMethod beforeMethod" time="0.0">
    <skipped/>
  </testcase> <!-- @BeforeMethod beforeMethod -->
  <testcase classname="TestNGSuites.ForgetPageSuiteTest" name="@BeforeMethod beforeMethod" time="0.0">
    <skipped/>
  </testcase> <!-- @BeforeMethod beforeMethod -->
  <testcase classname="TestNGSuites.ForgetPageSuiteTest" name="@AfterMethod afterMethod" time="0.0">
    <skipped/>
  </testcase> <!-- @AfterMethod afterMethod -->
  <testcase classname="TestNGSuites.LoginPageSuiteTest" name="@AfterMethod afterMethod" time="0.0">
    <skipped/>
  </testcase> <!-- @AfterMethod afterMethod -->
  <testcase classname="TestNGSuites.LoginPageSuiteTest" name="@BeforeMethod beforeMethod" time="0.0">
    <skipped/>
  </testcase> <!-- @BeforeMethod beforeMethod -->
  <testcase classname="TestNGSuites.ForgetPageSuiteTest" name="@BeforeMethod beforeMethod" time="0.0">
    <skipped/>
  </testcase> <!-- @BeforeMethod beforeMethod -->
  <testcase classname="TestNGSuites.LoginPageSuiteTest" name="@AfterMethod afterMethod" time="0.0">
    <skipped/>
  </testcase> <!-- @AfterMethod afterMethod -->
  <testcase classname="TestNGSuites.ForgetPageSuiteTest" name="@AfterMethod afterMethod" time="0.0">
    <skipped/>
  </testcase> <!-- @AfterMethod afterMethod -->
  <testcase classname="TestNGSuites.ForgetPageSuiteTest" name="@BeforeMethod beforeMethod" time="0.0">
    <skipped/>
  </testcase> <!-- @BeforeMethod beforeMethod -->
  <testcase classname="TestNGSuites.ForgetPageSuiteTest" name="@AfterMethod afterMethod" time="0.0">
    <skipped/>
  </testcase> <!-- @AfterMethod afterMethod -->
  <testcase classname="TestNGSuites.ForgetPageSuiteTest" name="@BeforeMethod beforeMethod" time="0.0">
    <skipped/>
  </testcase> <!-- @BeforeMethod beforeMethod -->
  <testcase classname="TestNGSuites.ForgetPageSuiteTest" name="@AfterMethod afterMethod" time="0.0">
    <skipped/>
  </testcase> <!-- @AfterMethod afterMethod -->
  <testcase classname="TestNGSuites.ForgetPageSuiteTest" name="@BeforeMethod beforeMethod" time="0.0">
    <skipped/>
  </testcase> <!-- @BeforeMethod beforeMethod -->
  <testcase classname="TestNGSuites.ForgetPageSuiteTest" name="@AfterMethod afterMethod" time="0.0">
    <skipped/>
  </testcase> <!-- @AfterMethod afterMethod -->
  <testcase classname="TestNGSuites.ForgetPageSuiteTest" name="@BeforeMethod beforeMethod" time="0.0">
    <skipped/>
  </testcase> <!-- @BeforeMethod beforeMethod -->
  <testcase classname="TestNGSuites.ForgetPageSuiteTest" name="@AfterMethod afterMethod" time="0.0">
    <skipped/>
  </testcase> <!-- @AfterMethod afterMethod -->
  <testcase classname="TestNGSuites.ForgetPageSuiteTest" name="@AfterTest afterClass" time="0.0">
    <skipped/>
  </testcase> <!-- @AfterTest afterClass -->
  <testcase classname="TestNGSuites.LoginPageSuiteTest" name="@AfterTest afterClass" time="0.0">
    <skipped/>
  </testcase> <!-- @AfterTest afterClass -->
  <testcase classname="TestNGSuites.LoginPageSuiteTest" name="title" time="0.0">
    <skipped/>
  </testcase> <!-- title -->
  <testcase classname="TestNGSuites.ForgetPageSuiteTest" name="title" time="0.0">
    <skipped/>
  </testcase> <!-- title -->
  <testcase classname="TestNGSuites.LoginPageSuiteTest" name="url" time="0.0">
    <skipped/>
  </testcase> <!-- url -->
  <testcase classname="TestNGSuites.ForgetPageSuiteTest" name="tagName" time="0.0">
    <skipped/>
  </testcase> <!-- tagName -->
  <testcase classname="TestNGSuites.LoginPageSuiteTest" name="tagName" time="0.0">
    <skipped/>
  </testcase> <!-- tagName -->
  <testcase classname="TestNGSuites.ForgetPageSuiteTest" name="username" time="0.0">
    <skipped/>
  </testcase> <!-- username -->
  <testcase classname="TestNGSuites.LoginPageSuiteTest" name="userNameTab" time="0.0">
    <skipped/>
  </testcase> <!-- userNameTab -->
  <testcase classname="TestNGSuites.ForgetPageSuiteTest" name="userNameTag" time="0.0">
    <skipped/>
  </testcase> <!-- userNameTag -->
  <testcase classname="TestNGSuites.LoginPageSuiteTest" name="passwordTab" time="0.0">
    <skipped/>
  </testcase> <!-- passwordTab -->
  <testcase classname="TestNGSuites.ForgetPageSuiteTest" name="isEnabledSearchButton" time="0.0">
    <skipped/>
  </testcase> <!-- isEnabledSearchButton -->
  <testcase classname="TestNGSuites.ForgetPageSuiteTest" name="SearchButtonTag" time="0.0">
    <skipped/>
  </testcase> <!-- SearchButtonTag -->
  <testcase classname="TestNGSuites.LoginPageSuiteTest" name="loginButton" time="0.0">
    <skipped/>
  </testcase> <!-- loginButton -->
  <testcase classname="TestNGSuites.ForgetPageSuiteTest" name="clickOnSearchButton" time="0.0">
    <skipped/>
  </testcase> <!-- clickOnSearchButton -->
  <testcase classname="TestNGSuites.LoginPageSuiteTest" name="createNewAcct" time="0.0">
    <skipped/>
  </testcase> <!-- createNewAcct -->
  <testcase classname="TestNGSuites.ForgetPageSuiteTest" name="isEnabledCancelButton" time="0.0">
    <skipped/>
  </testcase> <!-- isEnabledCancelButton -->
  <testcase classname="TestNGSuites.ForgetPageSuiteTest" name="clickOnCancelButton" time="0.0">
    <skipped/>
  </testcase> <!-- clickOnCancelButton -->
  <testcase classname="TestNGSuites.ForgetPageSuiteTest" name="webPageTitle" time="0.0">
    <skipped/>
  </testcase> <!-- webPageTitle -->
  <testcase classname="TestNGSuites.ForgetPageSuiteTest" name="webPageURl" time="0.0">
    <skipped/>
  </testcase> <!-- webPageURl -->
</testsuite> <!-- FirefoxTest -->
