<?xml version="1.0" encoding="UTF-8"?>
<!-- Generated by org.testng.reporters.JUnitXMLReporter -->
<testsuite ignored="0" hostname="DESKTOP-TC1RHQ8" failures="0" tests="18" name="MicroSoftEdgeTest" time="12.134" errors="0" timestamp="12 Feb 2023 15:45:04 GMT">
  <testcase classname="TestNGSuites.LoginPageSuiteTest" name="@BeforeMethod beforeMethod" time="2.421">
    <failure type="java.lang.NoSuchMethodError" message="&amp;apos;void org.openqa.selenium.support.PageFactory.initElements(org.openqa.selenium.WebDriver, java.lang.Object)&amp;apos;">
      <![CDATA[java.lang.NoSuchMethodError: 'void org.openqa.selenium.support.PageFactory.initElements(org.openqa.selenium.WebDriver, java.lang.Object)'
at PomClasses.LoginOrSignUpPage.<init>(LoginOrSignUpPage.java:33)
at TestNGSuites.LoginPageSuiteTest.beforeMethod(LoginPageSuiteTest.java:52)
at java.base/java.util.concurrent.ThreadPoolExecutor.runWorker(ThreadPoolExecutor.java:1136)
at java.base/java.util.concurrent.ThreadPoolExecutor$Worker.run(ThreadPoolExecutor.java:635)
at java.base/java.lang.Thread.run(Thread.java:833)
... Removed 11 stack frames]]>
    </failure>
  </testcase> <!-- @BeforeMethod beforeMethod -->
  <testcase classname="TestNGSuites.LoginPageSuiteTest" name="@AfterMethod afterMethod" time="0.0">
    <skipped/>
  </testcase> <!-- @AfterMethod afterMethod -->
  <testcase classname="TestNGSuites.ForgetPageSuiteTest" name="@BeforeMethod beforeMethod" time="4.038">
    <failure type="java.lang.NoSuchMethodError" message="&amp;apos;void org.openqa.selenium.support.PageFactory.initElements(org.openqa.selenium.WebDriver, java.lang.Object)&amp;apos;">
      <![CDATA[java.lang.NoSuchMethodError: 'void org.openqa.selenium.support.PageFactory.initElements(org.openqa.selenium.WebDriver, java.lang.Object)'
at PomClasses.ForgetPasswordPage.<init>(ForgetPasswordPage.java:29)
at TestNGSuites.ForgetPageSuiteTest.beforeMethod(ForgetPageSuiteTest.java:57)
at java.base/java.util.concurrent.ThreadPoolExecutor.runWorker(ThreadPoolExecutor.java:1136)
at java.base/java.util.concurrent.ThreadPoolExecutor$Worker.run(ThreadPoolExecutor.java:635)
at java.base/java.lang.Thread.run(Thread.java:833)
... Removed 11 stack frames]]>
    </failure>
  </testcase> <!-- @BeforeMethod beforeMethod -->
  <testcase classname="TestNGSuites.ForgetPageSuiteTest" name="@AfterMethod afterMethod" time="0.0">
    <skipped/>
  </testcase> <!-- @AfterMethod afterMethod -->
  <testcase classname="TestNGSuites.LoginPageSuiteTest" name="@BeforeMethod beforeMethod" time="0.0">
    <skipped/>
  </testcase> <!-- @BeforeMethod beforeMethod -->
  <testcase classname="TestNGSuites.LoginPageSuiteTest" name="@AfterMethod afterMethod" time="0.0">
    <skipped/>
  </testcase> <!-- @AfterMethod afterMethod -->
  <testcase classname="TestNGSuites.ForgetPageSuiteTest" name="@BeforeMethod beforeMethod" time="0.0">
    <skipped/>
  </testcase> <!-- @BeforeMethod beforeMethod -->
  <testcase classname="TestNGSuites.ForgetPageSuiteTest" name="@AfterMethod afterMethod" time="0.0">
    <skipped/>
  </testcase> <!-- @AfterMethod afterMethod -->
  <testcase classname="TestNGSuites.LoginPageSuiteTest" name="@BeforeMethod beforeMethod" time="0.0">
    <skipped/>
  </testcase> <!-- @BeforeMethod beforeMethod -->
  <testcase classname="TestNGSuites.ForgetPageSuiteTest" name="@BeforeMethod beforeMethod" time="0.0">
    <skipped/>
  </testcase> <!-- @BeforeMethod beforeMethod -->
  <testcase classname="TestNGSuites.LoginPageSuiteTest" name="@AfterMethod afterMethod" time="0.0">
    <skipped/>
  </testcase> <!-- @AfterMethod afterMethod -->
  <testcase classname="TestNGSuites.ForgetPageSuiteTest" name="@AfterMethod afterMethod" time="0.0">
    <skipped/>
  </testcase> <!-- @AfterMethod afterMethod -->
  <testcase classname="TestNGSuites.LoginPageSuiteTest" name="@BeforeMethod beforeMethod" time="0.0">
    <skipped/>
  </testcase> <!-- @BeforeMethod beforeMethod -->
  <testcase classname="TestNGSuites.ForgetPageSuiteTest" name="@BeforeMethod beforeMethod" time="0.0">
    <skipped/>
  </testcase> <!-- @BeforeMethod beforeMethod -->
  <testcase classname="TestNGSuites.LoginPageSuiteTest" name="@AfterMethod afterMethod" time="0.0">
    <skipped/>
  </testcase> <!-- @AfterMethod afterMethod -->
  <testcase classname="TestNGSuites.ForgetPageSuiteTest" name="@AfterMethod afterMethod" time="0.0">
    <skipped/>
  </testcase> <!-- @AfterMethod afterMethod -->
  <testcase classname="TestNGSuites.LoginPageSuiteTest" name="@BeforeMethod beforeMethod" time="0.0">
    <skipped/>
  </testcase> <!-- @BeforeMethod beforeMethod -->
  <testcase classname="TestNGSuites.ForgetPageSuiteTest" name="@BeforeMethod beforeMethod" time="0.0">
    <skipped/>
  </testcase> <!-- @BeforeMethod beforeMethod -->
  <testcase classname="TestNGSuites.LoginPageSuiteTest" name="@AfterMethod afterMethod" time="0.0">
    <skipped/>
  </testcase> <!-- @AfterMethod afterMethod -->
  <testcase classname="TestNGSuites.ForgetPageSuiteTest" name="@AfterMethod afterMethod" time="0.0">
    <skipped/>
  </testcase> <!-- @AfterMethod afterMethod -->
  <testcase classname="TestNGSuites.LoginPageSuiteTest" name="@BeforeMethod beforeMethod" time="0.0">
    <skipped/>
  </testcase> <!-- @BeforeMethod beforeMethod -->
  <testcase classname="TestNGSuites.ForgetPageSuiteTest" name="@BeforeMethod beforeMethod" time="0.0">
    <skipped/>
  </testcase> <!-- @BeforeMethod beforeMethod -->
  <testcase classname="TestNGSuites.ForgetPageSuiteTest" name="@AfterMethod afterMethod" time="0.0">
    <skipped/>
  </testcase> <!-- @AfterMethod afterMethod -->
  <testcase classname="TestNGSuites.LoginPageSuiteTest" name="@AfterMethod afterMethod" time="0.0">
    <skipped/>
  </testcase> <!-- @AfterMethod afterMethod -->
  <testcase classname="TestNGSuites.ForgetPageSuiteTest" name="@BeforeMethod beforeMethod" time="0.0">
    <skipped/>
  </testcase> <!-- @BeforeMethod beforeMethod -->
  <testcase classname="TestNGSuites.LoginPageSuiteTest" name="@BeforeMethod beforeMethod" time="0.0">
    <skipped/>
  </testcase> <!-- @BeforeMethod beforeMethod -->
  <testcase classname="TestNGSuites.ForgetPageSuiteTest" name="@AfterMethod afterMethod" time="0.0">
    <skipped/>
  </testcase> <!-- @AfterMethod afterMethod -->
  <testcase classname="TestNGSuites.LoginPageSuiteTest" name="@AfterMethod afterMethod" time="0.0">
    <skipped/>
  </testcase> <!-- @AfterMethod afterMethod -->
  <testcase classname="TestNGSuites.ForgetPageSuiteTest" name="@BeforeMethod beforeMethod" time="0.0">
    <skipped/>
  </testcase> <!-- @BeforeMethod beforeMethod -->
  <testcase classname="TestNGSuites.ForgetPageSuiteTest" name="@AfterMethod afterMethod" time="0.0">
    <skipped/>
  </testcase> <!-- @AfterMethod afterMethod -->
  <testcase classname="TestNGSuites.ForgetPageSuiteTest" name="@BeforeMethod beforeMethod" time="0.0">
    <skipped/>
  </testcase> <!-- @BeforeMethod beforeMethod -->
  <testcase classname="TestNGSuites.ForgetPageSuiteTest" name="@AfterMethod afterMethod" time="0.0">
    <skipped/>
  </testcase> <!-- @AfterMethod afterMethod -->
  <testcase classname="TestNGSuites.ForgetPageSuiteTest" name="@BeforeMethod beforeMethod" time="0.0">
    <skipped/>
  </testcase> <!-- @BeforeMethod beforeMethod -->
  <testcase classname="TestNGSuites.ForgetPageSuiteTest" name="@AfterMethod afterMethod" time="0.0">
    <skipped/>
  </testcase> <!-- @AfterMethod afterMethod -->
  <testcase classname="TestNGSuites.ForgetPageSuiteTest" name="@BeforeMethod beforeMethod" time="0.0">
    <skipped/>
  </testcase> <!-- @BeforeMethod beforeMethod -->
  <testcase classname="TestNGSuites.ForgetPageSuiteTest" name="@AfterMethod afterMethod" time="0.0">
    <skipped/>
  </testcase> <!-- @AfterMethod afterMethod -->
  <testcase classname="TestNGSuites.ForgetPageSuiteTest" name="@AfterTest afterClass" time="0.0">
    <skipped/>
  </testcase> <!-- @AfterTest afterClass -->
  <testcase classname="TestNGSuites.LoginPageSuiteTest" name="@AfterTest afterClass" time="0.0">
    <skipped/>
  </testcase> <!-- @AfterTest afterClass -->
  <testcase classname="TestNGSuites.LoginPageSuiteTest" name="title" time="0.0">
    <skipped/>
  </testcase> <!-- title -->
  <testcase classname="TestNGSuites.ForgetPageSuiteTest" name="title" time="0.0">
    <skipped/>
  </testcase> <!-- title -->
  <testcase classname="TestNGSuites.LoginPageSuiteTest" name="url" time="0.0">
    <skipped/>
  </testcase> <!-- url -->
  <testcase classname="TestNGSuites.ForgetPageSuiteTest" name="tagName" time="0.0">
    <skipped/>
  </testcase> <!-- tagName -->
  <testcase classname="TestNGSuites.LoginPageSuiteTest" name="tagName" time="0.0">
    <skipped/>
  </testcase> <!-- tagName -->
  <testcase classname="TestNGSuites.ForgetPageSuiteTest" name="username" time="0.0">
    <skipped/>
  </testcase> <!-- username -->
  <testcase classname="TestNGSuites.LoginPageSuiteTest" name="userNameTab" time="0.0">
    <skipped/>
  </testcase> <!-- userNameTab -->
  <testcase classname="TestNGSuites.ForgetPageSuiteTest" name="userNameTag" time="0.0">
    <skipped/>
  </testcase> <!-- userNameTag -->
  <testcase classname="TestNGSuites.LoginPageSuiteTest" name="passwordTab" time="0.0">
    <skipped/>
  </testcase> <!-- passwordTab -->
  <testcase classname="TestNGSuites.ForgetPageSuiteTest" name="isEnabledSearchButton" time="0.0">
    <skipped/>
  </testcase> <!-- isEnabledSearchButton -->
  <testcase classname="TestNGSuites.LoginPageSuiteTest" name="loginButton" time="0.0">
    <skipped/>
  </testcase> <!-- loginButton -->
  <testcase classname="TestNGSuites.ForgetPageSuiteTest" name="SearchButtonTag" time="0.0">
    <skipped/>
  </testcase> <!-- SearchButtonTag -->
  <testcase classname="TestNGSuites.ForgetPageSuiteTest" name="clickOnSearchButton" time="0.0">
    <skipped/>
  </testcase> <!-- clickOnSearchButton -->
  <testcase classname="TestNGSuites.LoginPageSuiteTest" name="createNewAcct" time="0.0">
    <skipped/>
  </testcase> <!-- createNewAcct -->
  <testcase classname="TestNGSuites.ForgetPageSuiteTest" name="isEnabledCancelButton" time="0.0">
    <skipped/>
  </testcase> <!-- isEnabledCancelButton -->
  <testcase classname="TestNGSuites.ForgetPageSuiteTest" name="clickOnCancelButton" time="0.0">
    <skipped/>
  </testcase> <!-- clickOnCancelButton -->
  <testcase classname="TestNGSuites.ForgetPageSuiteTest" name="webPageTitle" time="0.0">
    <skipped/>
  </testcase> <!-- webPageTitle -->
  <testcase classname="TestNGSuites.ForgetPageSuiteTest" name="webPageURl" time="0.0">
    <skipped/>
  </testcase> <!-- webPageURl -->
</testsuite> <!-- MicroSoftEdgeTest -->
