<?xml version="1.0" encoding="UTF-8"?>
<!-- Generated by org.testng.reporters.JUnitXMLReporter -->
<testsuite ignored="0" hostname="DESKTOP-TC1RHQ8" failures="0" tests="7" name="Test" time="11.739" errors="0" timestamp="12 Feb 2023 17:23:48 GMT">
  <testcase classname="TestNGSuitesAssert.LoginPageSuiteTestAssert" name="title" time="0.025"/>
  <testcase classname="TestNGSuitesAssert.LoginPageSuiteTestAssert" name="url" time="0.014"/>
  <testcase classname="TestNGSuitesAssert.LoginPageSuiteTestAssert" name="tagName" time="0.056"/>
  <testcase classname="TestNGSuitesAssert.LoginPageSuiteTestAssert" name="userNameTab" time="0.079"/>
  <testcase classname="TestNGSuitesAssert.LoginPageSuiteTestAssert" name="passwordTab" time="0.073"/>
  <testcase classname="TestNGSuitesAssert.LoginPageSuiteTestAssert" name="loginButton" time="0.063"/>
  <testcase classname="TestNGSuitesAssert.LoginPageSuiteTestAssert" name="createNewAcct" time="0.07"/>
</testsuite> <!-- Test -->
