<?xml version="1.0" encoding="UTF-8"?>
<!-- Generated by org.testng.reporters.JUnitXMLReporter -->
<testsuite ignored="0" hostname="DESKTOP-TC1RHQ8" failures="0" tests="11" name="Test2" time="14.407" errors="0" timestamp="04 Feb 2023 16:44:09 GMT">
  <testcase classname="TestNGSuitesAssert.ForgetPageSuiteTestAssert" name="title" time="0.041"/>
  <testcase classname="TestNGSuitesAssert.ForgetPageSuiteTestAssert" name="tagName" time="0.038"/>
  <testcase classname="TestNGSuitesAssert.ForgetPageSuiteTestAssert" name="username" time="0.269"/>
  <testcase classname="TestNGSuitesAssert.ForgetPageSuiteTestAssert" name="userNameTag" time="0.569"/>
  <testcase classname="TestNGSuitesAssert.ForgetPageSuiteTestAssert" name="isEnabledSearchButton" time="0.04"/>
  <testcase classname="TestNGSuitesAssert.ForgetPageSuiteTestAssert" name="SearchButtonTag" time="0.037"/>
  <testcase classname="TestNGSuitesAssert.ForgetPageSuiteTestAssert" name="clickOnSearchButton" time="0.587"/>
  <testcase classname="TestNGSuitesAssert.ForgetPageSuiteTestAssert" name="isEnabledCancelButton" time="0.036"/>
  <testcase classname="TestNGSuitesAssert.ForgetPageSuiteTestAssert" name="clickOnCancelButton" time="0.95"/>
  <testcase classname="TestNGSuitesAssert.ForgetPageSuiteTestAssert" name="webPageTitle" time="1.218"/>
  <testcase classname="TestNGSuitesAssert.ForgetPageSuiteTestAssert" name="webPageURl" time="0.011"/>
</testsuite> <!-- Test2 -->
