<?xml version="1.0" encoding="UTF-8"?>
<!-- Generated by org.testng.reporters.JUnitXMLReporter -->
<testsuite ignored="0" hostname="DESKTOP-TC1RHQ8" failures="0" tests="11" name="Test6" time="22.028" errors="0" timestamp="04 Feb 2023 16:46:59 GMT">
  <testcase classname="TestNGSuitesAssert.ForgetPageSuiteTestAssert" name="title" time="0.07"/>
  <testcase classname="TestNGSuitesAssert.ForgetPageSuiteTestAssert" name="tagName" time="0.094"/>
  <testcase classname="TestNGSuitesAssert.ForgetPageSuiteTestAssert" name="username" time="0.058"/>
  <testcase classname="TestNGSuitesAssert.ForgetPageSuiteTestAssert" name="userNameTag" time="0.605"/>
  <testcase classname="TestNGSuitesAssert.ForgetPageSuiteTestAssert" name="isEnabledSearchButton" time="0.053"/>
  <testcase classname="TestNGSuitesAssert.ForgetPageSuiteTestAssert" name="SearchButtonTag" time="0.093"/>
  <testcase classname="TestNGSuitesAssert.ForgetPageSuiteTestAssert" name="clickOnSearchButton" time="0.606"/>
  <testcase classname="TestNGSuitesAssert.ForgetPageSuiteTestAssert" name="isEnabledCancelButton" time="0.04"/>
  <testcase classname="TestNGSuitesAssert.ForgetPageSuiteTestAssert" name="clickOnCancelButton" time="1.299"/>
  <testcase classname="TestNGSuitesAssert.ForgetPageSuiteTestAssert" name="webPageTitle" time="1.218"/>
  <testcase classname="TestNGSuitesAssert.ForgetPageSuiteTestAssert" name="webPageURl" time="0.019"/>
</testsuite> <!-- Test6 -->
