<?xml version="1.0" encoding="UTF-8"?>
<!-- Generated by org.testng.reporters.JUnitXMLReporter -->
<testsuite ignored="0" hostname="DESKTOP-TC1RHQ8" failures="0" tests="7" name="Test5" time="13.356" errors="0" timestamp="04 Feb 2023 16:44:59 GMT">
  <testcase classname="TestNGSuitesAssert.LoginPageSuiteTestAssert" name="title" time="0.024"/>
  <testcase classname="TestNGSuitesAssert.LoginPageSuiteTestAssert" name="url" time="0.017"/>
  <testcase classname="TestNGSuitesAssert.LoginPageSuiteTestAssert" name="tagName" time="0.077"/>
  <testcase classname="TestNGSuitesAssert.LoginPageSuiteTestAssert" name="userNameTab" time="0.102"/>
  <testcase classname="TestNGSuitesAssert.LoginPageSuiteTestAssert" name="passwordTab" time="0.078"/>
  <testcase classname="TestNGSuitesAssert.LoginPageSuiteTestAssert" name="loginButton" time="0.074"/>
  <testcase classname="TestNGSuitesAssert.LoginPageSuiteTestAssert" name="createNewAcct" time="0.085"/>
</testsuite> <!-- Test5 -->
