<?xml version="1.0" encoding="UTF-8"?>
<!-- Generated by org.testng.reporters.JUnitXMLReporter -->
<testsuite ignored="0" hostname="DESKTOP-TC1RHQ8" failures="0" tests="11" name="Test4" time="23.163" errors="0" timestamp="04 Feb 2023 16:44:45 GMT">
  <testcase classname="TestNGSuitesAssert.ForgetPageSuiteTestAssert" name="title" time="0.185"/>
  <testcase classname="TestNGSuitesAssert.ForgetPageSuiteTestAssert" name="tagName" time="0.033"/>
  <testcase classname="TestNGSuitesAssert.ForgetPageSuiteTestAssert" name="username" time="0.111"/>
  <testcase classname="TestNGSuitesAssert.ForgetPageSuiteTestAssert" name="userNameTag" time="0.526"/>
  <testcase classname="TestNGSuitesAssert.ForgetPageSuiteTestAssert" name="isEnabledSearchButton" time="0.024"/>
  <testcase classname="TestNGSuitesAssert.ForgetPageSuiteTestAssert" name="SearchButtonTag" time="0.028"/>
  <testcase classname="TestNGSuitesAssert.ForgetPageSuiteTestAssert" name="clickOnSearchButton" time="0.675"/>
  <testcase classname="TestNGSuitesAssert.ForgetPageSuiteTestAssert" name="isEnabledCancelButton" time="0.062"/>
  <testcase classname="TestNGSuitesAssert.ForgetPageSuiteTestAssert" name="clickOnCancelButton" time="1.296"/>
  <testcase classname="TestNGSuitesAssert.ForgetPageSuiteTestAssert" name="webPageTitle" time="1.213"/>
  <testcase classname="TestNGSuitesAssert.ForgetPageSuiteTestAssert" name="webPageURl" time="0.013"/>
</testsuite> <!-- Test4 -->
