<?xml version="1.0" encoding="UTF-8"?>
<!-- Generated by org.testng.reporters.JUnitXMLReporter -->
<testsuite ignored="0" hostname="DESKTOP-TC1RHQ8" failures="0" tests="7" name="Test3" time="12.906" errors="0" timestamp="04 Feb 2023 16:44:22 GMT">
  <testcase classname="TestNGSuitesAssert.LoginPageSuiteTestAssert" name="title" time="0.014"/>
  <testcase classname="TestNGSuitesAssert.LoginPageSuiteTestAssert" name="url" time="0.01"/>
  <testcase classname="TestNGSuitesAssert.LoginPageSuiteTestAssert" name="tagName" time="0.09"/>
  <testcase classname="TestNGSuitesAssert.LoginPageSuiteTestAssert" name="userNameTab" time="0.118"/>
  <testcase classname="TestNGSuitesAssert.LoginPageSuiteTestAssert" name="passwordTab" time="0.046"/>
  <testcase classname="TestNGSuitesAssert.LoginPageSuiteTestAssert" name="loginButton" time="0.075"/>
  <testcase classname="TestNGSuitesAssert.LoginPageSuiteTestAssert" name="createNewAcct" time="0.043"/>
</testsuite> <!-- Test3 -->
