<?xml version="1.0" encoding="UTF-8"?>
<!-- Generated by org.testng.reporters.JUnitXMLReporter -->
<testsuite ignored="0" hostname="DESKTOP-TC1RHQ8" failures="0" tests="11" name="Default test(failed)(failed)" time="16.028" errors="0" timestamp="05 Feb 2023 17:57:51 GMT">
  <testcase classname="TestNGSuites.ForgetPageSuiteTest" name="title" time="0.058"/>
  <testcase classname="TestNGSuites.ForgetPageSuiteTest" name="tagName" time="0.04"/>
  <testcase classname="TestNGSuites.ForgetPageSuiteTest" name="username" time="0.174"/>
  <testcase classname="TestNGSuites.ForgetPageSuiteTest" name="userNameTag" time="0.249"/>
  <testcase classname="TestNGSuites.ForgetPageSuiteTest" name="isEnabledSearchButton" time="0.042"/>
  <testcase classname="TestNGSuites.ForgetPageSuiteTest" name="SearchButtonTag" time="0.036"/>
  <testcase classname="TestNGSuites.ForgetPageSuiteTest" name="clickOnSearchButton" time="0.678"/>
  <testcase classname="TestNGSuites.ForgetPageSuiteTest" name="isEnabledCancelButton" time="0.037"/>
  <testcase classname="TestNGSuites.ForgetPageSuiteTest" name="clickOnCancelButton" time="0.918"/>
  <testcase classname="TestNGSuites.ForgetPageSuiteTest" name="webPageTitle" time="1.208"/>
  <testcase classname="TestNGSuites.ForgetPageSuiteTest" name="webPageURl" time="0.007"/>
</testsuite> <!-- Default test(failed)(failed) -->
